This is pdfTeX, Version 3.1415926-2.4-1.40.13 (TeX Live 2012) (format=pdflatex 2012.6.30)  29 JUL 2014 16:29
entering extended mode
 \write18 enabled.
 %&-line parsing enabled.
**GEMMA1.7documentation.tex
(./GEMMA1.7documentation.tex
LaTeX2e <2011/06/27>
Babel <v3.8m> and hyphenation patterns for english, dumylang, nohyphenation, ge
rman-x-2012-05-30, ngerman-x-2012-05-30, afrikaans, ancientgreek, ibycus, arabi
c, armenian, basque, bulgarian, catalan, pinyin, coptic, croatian, czech, danis
h, dutch, ukenglish, usenglishmax, esperanto, estonian, ethiopic, farsi, finnis
h, french, friulan, galician, german, ngerman, swissgerman, monogreek, greek, h
ungarian, icelandic, assamese, bengali, gujarati, hindi, kannada, malayalam, ma
rathi, oriya, panjabi, tamil, telugu, indonesian, interlingua, irish, italian, 
kurmanji, latin, latvian, lithuanian, mongolian, mongolianlmc, bokmal, nynorsk,
 polish, portuguese, romanian, romansh, russian, sanskrit, serbian, serbianc, s
lovak, slovenian, spanish, swedish, turkish, turkmen, ukrainian, uppersorbian, 
welsh, loaded.
(/usr/local/texlive/2012/texmf-dist/tex/latex/base/article.cls
Document Class: article 2007/10/19 v1.4h Standard LaTeX document class
(/usr/local/texlive/2012/texmf-dist/tex/latex/base/size11.clo
File: size11.clo 2007/10/19 v1.4h Standard LaTeX file (size option)
)
\c@part=\count79
\c@section=\count80
\c@subsection=\count81
\c@subsubsection=\count82
\c@paragraph=\count83
\c@subparagraph=\count84
\c@figure=\count85
\c@table=\count86
\abovecaptionskip=\skip41
\belowcaptionskip=\skip42
\bibindent=\dimen102
)
(/usr/local/texlive/2012/texmf-dist/tex/latex/graphics/graphics.sty
Package: graphics 2009/02/05 v1.0o Standard LaTeX Graphics (DPC,SPQR)

(/usr/local/texlive/2012/texmf-dist/tex/latex/graphics/trig.sty
Package: trig 1999/03/16 v1.09 sin cos tan (DPC)
)
(/usr/local/texlive/2012/texmf-dist/tex/latex/latexconfig/graphics.cfg
File: graphics.cfg 2010/04/23 v1.9 graphics configuration of TeX Live
)
Package graphics Info: Driver file: pdftex.def on input line 91.

(/usr/local/texlive/2012/texmf-dist/tex/latex/pdftex-def/pdftex.def
File: pdftex.def 2011/05/27 v0.06d Graphics/color for pdfTeX

(/usr/local/texlive/2012/texmf-dist/tex/generic/oberdiek/infwarerr.sty
Package: infwarerr 2010/04/08 v1.3 Providing info/warning/error messages (HO)
)
(/usr/local/texlive/2012/texmf-dist/tex/generic/oberdiek/ltxcmds.sty
Package: ltxcmds 2011/11/09 v1.22 LaTeX kernel commands for general use (HO)
)
\Gread@gobject=\count87
))
(/usr/local/texlive/2012/texmf-dist/tex/latex/graphics/color.sty
Package: color 2005/11/14 v1.0j Standard LaTeX Color (DPC)

(/usr/local/texlive/2012/texmf-dist/tex/latex/latexconfig/color.cfg
File: color.cfg 2007/01/18 v1.5 color configuration of teTeX/TeXLive
)
Package color Info: Driver file: pdftex.def on input line 130.
)
(/usr/local/texlive/2012/texmf-dist/tex/latex/amsmath/amstext.sty
Package: amstext 2000/06/29 v2.01

(/usr/local/texlive/2012/texmf-dist/tex/latex/amsmath/amsgen.sty
File: amsgen.sty 1999/11/30 v2.0
\@emptytoks=\toks14
\ex@=\dimen103
))
(/usr/local/texlive/2012/texmf-dist/tex/latex/amsmath/amsmath.sty
Package: amsmath 2000/07/18 v2.13 AMS math features
\@mathmargin=\skip43

For additional information on amsmath, use the `?' option.
(/usr/local/texlive/2012/texmf-dist/tex/latex/amsmath/amsbsy.sty
Package: amsbsy 1999/11/29 v1.2d
\pmbraise@=\dimen104
)
(/usr/local/texlive/2012/texmf-dist/tex/latex/amsmath/amsopn.sty
Package: amsopn 1999/12/14 v2.01 operator names
)
\inf@bad=\count88
LaTeX Info: Redefining \frac on input line 211.
\uproot@=\count89
\leftroot@=\count90
LaTeX Info: Redefining \overline on input line 307.
\classnum@=\count91
\DOTSCASE@=\count92
LaTeX Info: Redefining \ldots on input line 379.
LaTeX Info: Redefining \dots on input line 382.
LaTeX Info: Redefining \cdots on input line 467.
\Mathstrutbox@=\box26
\strutbox@=\box27
\big@size=\dimen105
LaTeX Font Info:    Redeclaring font encoding OML on input line 567.
LaTeX Font Info:    Redeclaring font encoding OMS on input line 568.
\macc@depth=\count93
\c@MaxMatrixCols=\count94
\dotsspace@=\muskip10
\c@parentequation=\count95
\dspbrk@lvl=\count96
\tag@help=\toks15
\row@=\count97
\column@=\count98
\maxfields@=\count99
\andhelp@=\toks16
\eqnshift@=\dimen106
\alignsep@=\dimen107
\tagshift@=\dimen108
\tagwidth@=\dimen109
\totwidth@=\dimen110
\lineht@=\dimen111
\@envbody=\toks17
\multlinegap=\skip44
\multlinetaggap=\skip45
\mathdisplay@stack=\toks18
LaTeX Info: Redefining \[ on input line 2666.
LaTeX Info: Redefining \] on input line 2667.
)
(/usr/local/texlive/2012/texmf-dist/tex/latex/preprint/fullpage.sty
Package: fullpage 1999/02/23 1.1 (PWD)
\FP@margin=\skip46
)
(/usr/local/texlive/2012/texmf-dist/tex/latex/graphics/epsfig.sty
Package: epsfig 1999/02/16 v1.7a (e)psfig emulation (SPQR)

(/usr/local/texlive/2012/texmf-dist/tex/latex/graphics/graphicx.sty
Package: graphicx 1999/02/16 v1.0f Enhanced LaTeX Graphics (DPC,SPQR)

(/usr/local/texlive/2012/texmf-dist/tex/latex/graphics/keyval.sty
Package: keyval 1999/03/16 v1.13 key=value parser (DPC)
\KV@toks@=\toks19
)
\Gin@req@height=\dimen112
\Gin@req@width=\dimen113
)
\epsfxsize=\dimen114
\epsfysize=\dimen115
)
(/usr/local/texlive/2012/texmf-dist/tex/latex/tools/verbatim.sty
Package: verbatim 2003/08/22 v1.5q LaTeX2e package for verbatim enhancements
\every@verbatim=\toks20
\verbatim@line=\toks21
\verbatim@in@stream=\read1
)
(/usr/local/texlive/2012/texmf-dist/tex/latex/hyperref/hyperref.sty
Package: hyperref 2012/05/13 v6.82q Hypertext links for LaTeX

(/usr/local/texlive/2012/texmf-dist/tex/generic/oberdiek/hobsub-hyperref.sty
Package: hobsub-hyperref 2012/05/28 v1.13 Bundle oberdiek, subset hyperref (HO)


(/usr/local/texlive/2012/texmf-dist/tex/generic/oberdiek/hobsub-generic.sty
Package: hobsub-generic 2012/05/28 v1.13 Bundle oberdiek, subset generic (HO)
Package: hobsub 2012/05/28 v1.13 Construct package bundles (HO)
Package hobsub Info: Skipping package `infwarerr' (already loaded).
Package hobsub Info: Skipping package `ltxcmds' (already loaded).
Package: ifluatex 2010/03/01 v1.3 Provides the ifluatex switch (HO)
Package ifluatex Info: LuaTeX not detected.
Package: ifvtex 2010/03/01 v1.5 Detect VTeX and its facilities (HO)
Package ifvtex Info: VTeX not detected.
Package: intcalc 2007/09/27 v1.1 Expandable calculations with integers (HO)
Package: ifpdf 2011/01/30 v2.3 Provides the ifpdf switch (HO)
Package ifpdf Info: pdfTeX in PDF mode is detected.
Package: etexcmds 2011/02/16 v1.5 Avoid name clashes with e-TeX commands (HO)
Package etexcmds Info: Could not find \expanded.
(etexcmds)             That can mean that you are not using pdfTeX 1.50 or
(etexcmds)             that some package has redefined \expanded.
(etexcmds)             In the latter case, load this package earlier.
Package: kvsetkeys 2012/04/25 v1.16 Key value parser (HO)
Package: kvdefinekeys 2011/04/07 v1.3 Define keys (HO)
Package: pdftexcmds 2011/11/29 v0.20 Utility functions of pdfTeX for LuaTeX (HO
)
Package pdftexcmds Info: LuaTeX not detected.
Package pdftexcmds Info: \pdf@primitive is available.
Package pdftexcmds Info: \pdf@ifprimitive is available.
Package pdftexcmds Info: \pdfdraftmode found.
Package: pdfescape 2011/11/25 v1.13 Implements pdfTeX's escape features (HO)
Package: bigintcalc 2012/04/08 v1.3 Expandable calculations on big integers (HO
)
Package: bitset 2011/01/30 v1.1 Handle bit-vector datatype (HO)
Package: uniquecounter 2011/01/30 v1.2 Provide unlimited unique counter (HO)
)
Package hobsub Info: Skipping package `hobsub' (already loaded).
Package: letltxmacro 2010/09/02 v1.4 Let assignment for LaTeX macros (HO)
Package: hopatch 2012/05/28 v1.2 Wrapper for package hooks (HO)
Package: xcolor-patch 2011/01/30 xcolor patch
Package: atveryend 2011/06/30 v1.8 Hooks at the very end of document (HO)
Package atveryend Info: \enddocument detected (standard20110627).
Package: atbegshi 2011/10/05 v1.16 At begin shipout hook (HO)
Package: refcount 2011/10/16 v3.4 Data extraction from label references (HO)
Package: hycolor 2011/01/30 v1.7 Color options for hyperref/bookmark (HO)
)
(/usr/local/texlive/2012/texmf-dist/tex/generic/ifxetex/ifxetex.sty
Package: ifxetex 2010/09/12 v0.6 Provides ifxetex conditional
)
(/usr/local/texlive/2012/texmf-dist/tex/latex/oberdiek/kvoptions.sty
Package: kvoptions 2011/06/30 v3.11 Key value format for package options (HO)
)
\@linkdim=\dimen116
\Hy@linkcounter=\count100
\Hy@pagecounter=\count101

(/usr/local/texlive/2012/texmf-dist/tex/latex/hyperref/pd1enc.def
File: pd1enc.def 2012/05/13 v6.82q Hyperref: PDFDocEncoding definition (HO)
)
\Hy@SavedSpaceFactor=\count102

(/usr/local/texlive/2012/texmf-dist/tex/latex/latexconfig/hyperref.cfg
File: hyperref.cfg 2002/06/06 v1.2 hyperref configuration of TeXLive
)
Package hyperref Info: Hyper figures OFF on input line 4062.
Package hyperref Info: Link nesting OFF on input line 4067.
Package hyperref Info: Hyper index ON on input line 4070.
Package hyperref Info: Plain pages OFF on input line 4077.
Package hyperref Info: Backreferencing OFF on input line 4082.
Package hyperref Info: Implicit mode ON; LaTeX internals redefined.
Package hyperref Info: Bookmarks ON on input line 4300.
\c@Hy@tempcnt=\count103

(/usr/local/texlive/2012/texmf-dist/tex/latex/url/url.sty
\Urlmuskip=\muskip11
Package: url 2006/04/12  ver 3.3  Verb mode for urls, etc.
)
LaTeX Info: Redefining \url on input line 4653.
\Fld@menulength=\count104
\Field@Width=\dimen117
\Fld@charsize=\dimen118
Package hyperref Info: Hyper figures OFF on input line 5773.
Package hyperref Info: Link nesting OFF on input line 5778.
Package hyperref Info: Hyper index ON on input line 5781.
Package hyperref Info: backreferencing OFF on input line 5788.
Package hyperref Info: Link coloring OFF on input line 5793.
Package hyperref Info: Link coloring with OCG OFF on input line 5798.
Package hyperref Info: PDF/A mode OFF on input line 5803.
LaTeX Info: Redefining \ref on input line 5843.
LaTeX Info: Redefining \pageref on input line 5847.
\Hy@abspage=\count105
\c@Item=\count106
\c@Hfootnote=\count107
)

Package hyperref Message: Driver (autodetected): hpdftex.

(/usr/local/texlive/2012/texmf-dist/tex/latex/hyperref/hpdftex.def
File: hpdftex.def 2012/05/13 v6.82q Hyperref driver for pdfTeX
\Fld@listcount=\count108
\c@bookmark@seq@number=\count109

(/usr/local/texlive/2012/texmf-dist/tex/latex/oberdiek/rerunfilecheck.sty
Package: rerunfilecheck 2011/04/15 v1.7 Rerun checks for auxiliary files (HO)
Package uniquecounter Info: New unique counter `rerunfilecheck' on input line 2
82.
)
\Hy@SectionHShift=\skip47
)
(/usr/local/texlive/2012/texmf-dist/tex/latex/tools/enumerate.sty
Package: enumerate 1999/03/05 v3.00 enumerate extensions (DPC)
\@enLab=\toks22
)
(/usr/local/texlive/2012/texmf-dist/tex/latex/tools/xspace.sty
Package: xspace 2009/10/20 v1.13 Space after command names (DPC,MH)
)
(/usr/local/texlive/2012/texmf-dist/tex/latex/setspace/setspace.sty
Package: setspace 2011/12/19 v6.7a set line spacing
)
(/usr/local/texlive/2012/texmf-dist/tex/latex/base/inputenc.sty
Package: inputenc 2008/03/30 v1.1d Input encoding file
\inpenc@prehook=\toks23
\inpenc@posthook=\toks24

(/usr/local/texlive/2012/texmf-dist/tex/latex/base/utf8.def
File: utf8.def 2008/04/05 v1.1m UTF-8 support for inputenc
Now handling font encoding OML ...
... no UTF-8 mapping file for font encoding OML
Now handling font encoding T1 ...
... processing UTF-8 mapping file for font encoding T1

(/usr/local/texlive/2012/texmf-dist/tex/latex/base/t1enc.dfu
File: t1enc.dfu 2008/04/05 v1.1m UTF-8 support for inputenc
   defining Unicode char U+00A1 (decimal 161)
   defining Unicode char U+00A3 (decimal 163)
   defining Unicode char U+00AB (decimal 171)
   defining Unicode char U+00BB (decimal 187)
   defining Unicode char U+00BF (decimal 191)
   defining Unicode char U+00C0 (decimal 192)
   defining Unicode char U+00C1 (decimal 193)
   defining Unicode char U+00C2 (decimal 194)
   defining Unicode char U+00C3 (decimal 195)
   defining Unicode char U+00C4 (decimal 196)
   defining Unicode char U+00C5 (decimal 197)
   defining Unicode char U+00C6 (decimal 198)
   defining Unicode char U+00C7 (decimal 199)
   defining Unicode char U+00C8 (decimal 200)
   defining Unicode char U+00C9 (decimal 201)
   defining Unicode char U+00CA (decimal 202)
   defining Unicode char U+00CB (decimal 203)
   defining Unicode char U+00CC (decimal 204)
   defining Unicode char U+00CD (decimal 205)
   defining Unicode char U+00CE (decimal 206)
   defining Unicode char U+00CF (decimal 207)
   defining Unicode char U+00D0 (decimal 208)
   defining Unicode char U+00D1 (decimal 209)
   defining Unicode char U+00D2 (decimal 210)
   defining Unicode char U+00D3 (decimal 211)
   defining Unicode char U+00D4 (decimal 212)
   defining Unicode char U+00D5 (decimal 213)
   defining Unicode char U+00D6 (decimal 214)
   defining Unicode char U+00D8 (decimal 216)
   defining Unicode char U+00D9 (decimal 217)
   defining Unicode char U+00DA (decimal 218)
   defining Unicode char U+00DB (decimal 219)
   defining Unicode char U+00DC (decimal 220)
   defining Unicode char U+00DD (decimal 221)
   defining Unicode char U+00DE (decimal 222)
   defining Unicode char U+00DF (decimal 223)
   defining Unicode char U+00E0 (decimal 224)
   defining Unicode char U+00E1 (decimal 225)
   defining Unicode char U+00E2 (decimal 226)
   defining Unicode char U+00E3 (decimal 227)
   defining Unicode char U+00E4 (decimal 228)
   defining Unicode char U+00E5 (decimal 229)
   defining Unicode char U+00E6 (decimal 230)
   defining Unicode char U+00E7 (decimal 231)
   defining Unicode char U+00E8 (decimal 232)
   defining Unicode char U+00E9 (decimal 233)
   defining Unicode char U+00EA (decimal 234)
   defining Unicode char U+00EB (decimal 235)
   defining Unicode char U+00EC (decimal 236)
   defining Unicode char U+00ED (decimal 237)
   defining Unicode char U+00EE (decimal 238)
   defining Unicode char U+00EF (decimal 239)
   defining Unicode char U+00F0 (decimal 240)
   defining Unicode char U+00F1 (decimal 241)
   defining Unicode char U+00F2 (decimal 242)
   defining Unicode char U+00F3 (decimal 243)
   defining Unicode char U+00F4 (decimal 244)
   defining Unicode char U+00F5 (decimal 245)
   defining Unicode char U+00F6 (decimal 246)
   defining Unicode char U+00F8 (decimal 248)
   defining Unicode char U+00F9 (decimal 249)
   defining Unicode char U+00FA (decimal 250)
   defining Unicode char U+00FB (decimal 251)
   defining Unicode char U+00FC (decimal 252)
   defining Unicode char U+00FD (decimal 253)
   defining Unicode char U+00FE (decimal 254)
   defining Unicode char U+00FF (decimal 255)
   defining Unicode char U+0102 (decimal 258)
   defining Unicode char U+0103 (decimal 259)
   defining Unicode char U+0104 (decimal 260)
   defining Unicode char U+0105 (decimal 261)
   defining Unicode char U+0106 (decimal 262)
   defining Unicode char U+0107 (decimal 263)
   defining Unicode char U+010C (decimal 268)
   defining Unicode char U+010D (decimal 269)
   defining Unicode char U+010E (decimal 270)
   defining Unicode char U+010F (decimal 271)
   defining Unicode char U+0110 (decimal 272)
   defining Unicode char U+0111 (decimal 273)
   defining Unicode char U+0118 (decimal 280)
   defining Unicode char U+0119 (decimal 281)
   defining Unicode char U+011A (decimal 282)
   defining Unicode char U+011B (decimal 283)
   defining Unicode char U+011E (decimal 286)
   defining Unicode char U+011F (decimal 287)
   defining Unicode char U+0130 (decimal 304)
   defining Unicode char U+0131 (decimal 305)
   defining Unicode char U+0132 (decimal 306)
   defining Unicode char U+0133 (decimal 307)
   defining Unicode char U+0139 (decimal 313)
   defining Unicode char U+013A (decimal 314)
   defining Unicode char U+013D (decimal 317)
   defining Unicode char U+013E (decimal 318)
   defining Unicode char U+0141 (decimal 321)
   defining Unicode char U+0142 (decimal 322)
   defining Unicode char U+0143 (decimal 323)
   defining Unicode char U+0144 (decimal 324)
   defining Unicode char U+0147 (decimal 327)
   defining Unicode char U+0148 (decimal 328)
   defining Unicode char U+014A (decimal 330)
   defining Unicode char U+014B (decimal 331)
   defining Unicode char U+0150 (decimal 336)
   defining Unicode char U+0151 (decimal 337)
   defining Unicode char U+0152 (decimal 338)
   defining Unicode char U+0153 (decimal 339)
   defining Unicode char U+0154 (decimal 340)
   defining Unicode char U+0155 (decimal 341)
   defining Unicode char U+0158 (decimal 344)
   defining Unicode char U+0159 (decimal 345)
   defining Unicode char U+015A (decimal 346)
   defining Unicode char U+015B (decimal 347)
   defining Unicode char U+015E (decimal 350)
   defining Unicode char U+015F (decimal 351)
   defining Unicode char U+0160 (decimal 352)
   defining Unicode char U+0161 (decimal 353)
   defining Unicode char U+0162 (decimal 354)
   defining Unicode char U+0163 (decimal 355)
   defining Unicode char U+0164 (decimal 356)
   defining Unicode char U+0165 (decimal 357)
   defining Unicode char U+016E (decimal 366)
   defining Unicode char U+016F (decimal 367)
   defining Unicode char U+0170 (decimal 368)
   defining Unicode char U+0171 (decimal 369)
   defining Unicode char U+0178 (decimal 376)
   defining Unicode char U+0179 (decimal 377)
   defining Unicode char U+017A (decimal 378)
   defining Unicode char U+017B (decimal 379)
   defining Unicode char U+017C (decimal 380)
   defining Unicode char U+017D (decimal 381)
   defining Unicode char U+017E (decimal 382)
   defining Unicode char U+200C (decimal 8204)
   defining Unicode char U+2013 (decimal 8211)
   defining Unicode char U+2014 (decimal 8212)
   defining Unicode char U+2018 (decimal 8216)
   defining Unicode char U+2019 (decimal 8217)
   defining Unicode char U+201A (decimal 8218)
   defining Unicode char U+201C (decimal 8220)
   defining Unicode char U+201D (decimal 8221)
   defining Unicode char U+201E (decimal 8222)
   defining Unicode char U+2030 (decimal 8240)
   defining Unicode char U+2031 (decimal 8241)
   defining Unicode char U+2039 (decimal 8249)
   defining Unicode char U+203A (decimal 8250)
   defining Unicode char U+2423 (decimal 9251)
)
Now handling font encoding OT1 ...
... processing UTF-8 mapping file for font encoding OT1

(/usr/local/texlive/2012/texmf-dist/tex/latex/base/ot1enc.dfu
File: ot1enc.dfu 2008/04/05 v1.1m UTF-8 support for inputenc
   defining Unicode char U+00A1 (decimal 161)
   defining Unicode char U+00A3 (decimal 163)
   defining Unicode char U+00B8 (decimal 184)
   defining Unicode char U+00BF (decimal 191)
   defining Unicode char U+00C5 (decimal 197)
   defining Unicode char U+00C6 (decimal 198)
   defining Unicode char U+00D8 (decimal 216)
   defining Unicode char U+00DF (decimal 223)
   defining Unicode char U+00E6 (decimal 230)
   defining Unicode char U+00EC (decimal 236)
   defining Unicode char U+00ED (decimal 237)
   defining Unicode char U+00EE (decimal 238)
   defining Unicode char U+00EF (decimal 239)
   defining Unicode char U+00F8 (decimal 248)
   defining Unicode char U+0131 (decimal 305)
   defining Unicode char U+0141 (decimal 321)
   defining Unicode char U+0142 (decimal 322)
   defining Unicode char U+0152 (decimal 338)
   defining Unicode char U+0153 (decimal 339)
   defining Unicode char U+2013 (decimal 8211)
   defining Unicode char U+2014 (decimal 8212)
   defining Unicode char U+2018 (decimal 8216)
   defining Unicode char U+2019 (decimal 8217)
   defining Unicode char U+201C (decimal 8220)
   defining Unicode char U+201D (decimal 8221)
)
Now handling font encoding OMS ...
... processing UTF-8 mapping file for font encoding OMS

(/usr/local/texlive/2012/texmf-dist/tex/latex/base/omsenc.dfu
File: omsenc.dfu 2008/04/05 v1.1m UTF-8 support for inputenc
   defining Unicode char U+00A7 (decimal 167)
   defining Unicode char U+00B6 (decimal 182)
   defining Unicode char U+00B7 (decimal 183)
   defining Unicode char U+2020 (decimal 8224)
   defining Unicode char U+2021 (decimal 8225)
   defining Unicode char U+2022 (decimal 8226)
)
Now handling font encoding OMX ...
... no UTF-8 mapping file for font encoding OMX
Now handling font encoding U ...
... no UTF-8 mapping file for font encoding U
Now handling font encoding PD1 ...
... no UTF-8 mapping file for font encoding PD1
   defining Unicode char U+00A9 (decimal 169)
   defining Unicode char U+00AA (decimal 170)
   defining Unicode char U+00AE (decimal 174)
   defining Unicode char U+00BA (decimal 186)
   defining Unicode char U+02C6 (decimal 710)
   defining Unicode char U+02DC (decimal 732)
   defining Unicode char U+200C (decimal 8204)
   defining Unicode char U+2026 (decimal 8230)
   defining Unicode char U+2122 (decimal 8482)
   defining Unicode char U+2423 (decimal 9251)
))
(/usr/local/texlive/2012/texmf-dist/tex/latex/parskip/parskip.sty
Package: parskip 2001/04/09 non-zero parskip adjustments
)
(/usr/local/texlive/2012/texmf-dist/tex/latex/threeparttable/threeparttable.sty
Package: threeparttable 2003/06/13  v 3.0
\@tempboxb=\box28
) (/usr/local/texlive/2012/texmf-dist/tex/latex/subfig/subfig.sty
Package: subfig 2005/06/28 ver: 1.3 subfig package

(/usr/local/texlive/2012/texmf-dist/tex/latex/caption/caption.sty
Package: caption 2012/02/19 v3.2f Customizing captions (AR)

(/usr/local/texlive/2012/texmf-dist/tex/latex/caption/caption3.sty
Package: caption3 2012/01/12 v1.4b caption3 kernel (AR)
\captionmargin=\dimen119
\captionmargin@=\dimen120
\captionwidth=\dimen121
\caption@indent=\dimen122
\caption@parindent=\dimen123
\caption@hangindent=\dimen124
)
\c@ContinuedFloat=\count110
Package caption Info: hyperref package is loaded.
Package caption Info: threeparttable package is loaded.
)
\c@KVtest=\count111
\sf@farskip=\skip48
\sf@captopadj=\dimen125
\sf@capskip=\skip49
\sf@nearskip=\skip50
\c@subfigure=\count112
\c@subfigure@save=\count113
\c@lofdepth=\count114
\c@subtable=\count115
\c@subtable@save=\count116
\c@lotdepth=\count117
\sf@top=\skip51
\sf@bottom=\skip52
)
(/usr/local/texlive/2012/texmf-dist/tex/latex/tabu/tabu.sty
Package: tabu 2011/02/26 v2.8 - flexible LaTeX tabulars (FC)

(/usr/local/texlive/2012/texmf-dist/tex/latex/tools/array.sty
Package: array 2008/09/09 v2.4c Tabular extension package (FMi)
\col@sep=\dimen126
\extrarowheight=\dimen127
\NC@list=\toks25
\extratabsurround=\skip53
\backup@length=\skip54
)
(/usr/local/texlive/2012/texmf-dist/tex/latex/varwidth/varwidth.sty
Package: varwidth 2009/03/30 ver 0.92;  Variable-width minipages
\@vwid@box=\box29
\sift@deathcycles=\count118
\@vwid@loff=\dimen128
\@vwid@roff=\dimen129
)
\c@taburow=\count119
\tabu@nbcols=\count120
\tabu@cnt=\count121
\tabu@Xcol=\count122
\tabu@alloc=\count123
\tabu@nested=\count124
\tabu@target=\dimen130
\tabu@spreadtarget=\dimen131
\tabu@naturalX=\dimen132
\tabucolX=\dimen133
\tabu@Xsum=\dimen134
\extrarowdepth=\dimen135
\abovetabulinesep=\dimen136
\belowtabulinesep=\dimen137
\tabustrutrule=\dimen138
\tabu@thebody=\toks26
\tabu@footnotes=\toks27
\tabu@box=\box30
\tabu@arstrutbox=\box31
\tabu@hleads=\box32
\tabu@vleads=\box33
\tabu@cellskip=\skip55
)
(/usr/local/texlive/2012/texmf-dist/tex/latex/multirow/multirow.sty
\bigstrutjot=\dimen139
)

LaTeX Warning: Unused global option(s):
    [letter].

(./GEMMA1.7documentation.aux)
\openout1 = `GEMMA1.7documentation.aux'.

LaTeX Font Info:    Checking defaults for OML/cmm/m/it on input line 27.
LaTeX Font Info:    ... okay on input line 27.
LaTeX Font Info:    Checking defaults for T1/cmr/m/n on input line 27.
LaTeX Font Info:    ... okay on input line 27.
LaTeX Font Info:    Checking defaults for OT1/cmr/m/n on input line 27.
LaTeX Font Info:    ... okay on input line 27.
LaTeX Font Info:    Checking defaults for OMS/cmsy/m/n on input line 27.
LaTeX Font Info:    ... okay on input line 27.
LaTeX Font Info:    Checking defaults for OMX/cmex/m/n on input line 27.
LaTeX Font Info:    ... okay on input line 27.
LaTeX Font Info:    Checking defaults for U/cmr/m/n on input line 27.
LaTeX Font Info:    ... okay on input line 27.
LaTeX Font Info:    Checking defaults for PD1/pdf/m/n on input line 27.
LaTeX Font Info:    ... okay on input line 27.

(/usr/local/texlive/2012/texmf-dist/tex/context/base/supp-pdf.mkii
[Loading MPS to PDF converter (version 2006.09.02).]
\scratchcounter=\count125
\scratchdimen=\dimen140
\scratchbox=\box34
\nofMPsegments=\count126
\nofMParguments=\count127
\everyMPshowfont=\toks28
\MPscratchCnt=\count128
\MPscratchDim=\dimen141
\MPnumerator=\count129
\makeMPintoPDFobject=\count130
\everyMPtoPDFconversion=\toks29
) (/usr/local/texlive/2012/texmf-dist/tex/latex/oberdiek/epstopdf-base.sty
Package: epstopdf-base 2010/02/09 v2.5 Base part for package epstopdf

(/usr/local/texlive/2012/texmf-dist/tex/latex/oberdiek/grfext.sty
Package: grfext 2010/08/19 v1.1 Manage graphics extensions (HO)
)
Package grfext Info: Graphics extension search list:
(grfext)             [.png,.pdf,.jpg,.mps,.jpeg,.jbig2,.jb2,.PNG,.PDF,.JPG,.JPE
G,.JBIG2,.JB2,.eps]
(grfext)             \AppendGraphicsExtensions on input line 452.

(/usr/local/texlive/2012/texmf-dist/tex/latex/latexconfig/epstopdf-sys.cfg
File: epstopdf-sys.cfg 2010/07/13 v1.3 Configuration of (r)epstopdf for TeX Liv
e
))
\AtBeginShipoutBox=\box35
Package hyperref Info: Link coloring OFF on input line 27.

(/usr/local/texlive/2012/texmf-dist/tex/latex/hyperref/nameref.sty
Package: nameref 2010/04/30 v2.40 Cross-referencing by name of section

(/usr/local/texlive/2012/texmf-dist/tex/generic/oberdiek/gettitlestring.sty
Package: gettitlestring 2010/12/03 v1.4 Cleanup title references (HO)
)
\c@section@level=\count131
)
LaTeX Info: Redefining \ref on input line 27.
LaTeX Info: Redefining \pageref on input line 27.
LaTeX Info: Redefining \nameref on input line 27.

(./GEMMA1.7documentation.out) (./GEMMA1.7documentation.out)
\@outlinefile=\write3
\openout3 = `GEMMA1.7documentation.out'.

Package caption Info: Begin \AtBeginDocument code.
Package caption Info: subfig package v1.3 is loaded.
Package caption Info: End \AtBeginDocument code.

(./GEMMA1.7documentation.toc)
\tf@toc=\write4
\openout4 = `GEMMA1.7documentation.toc'.

 [1

{/usr/local/texlive/2012/texmf-var/fonts/map/pdftex/updmap/pdftex.map}]
File: inputfiles1.7/slitsOUT.dat  (verbatim)
File: inputfiles1.7/slitsIN.dat  (verbatim)
 [2]
<graphs/EMMA_Wall_slitsOUT_labeled.pdf, id=115, 614.295pt x 794.97pt>
File: graphs/EMMA_Wall_slitsOUT_labeled.pdf Graphic file (type pdf)

<use graphs/EMMA_Wall_slitsOUT_labeled.pdf>
Package pdftex.def Info: graphs/EMMA_Wall_slitsOUT_labeled.pdf used on input li
ne 64.
(pdftex.def)             Requested size: 422.77664pt x 547.12279pt.


LaTeX Warning: Float too large for page by 18.2928pt on input line 67.

<graphs/EMMA_Wall_slitsIN_labeled.pdf, id=116, 614.295pt x 794.97pt>
File: graphs/EMMA_Wall_slitsIN_labeled.pdf Graphic file (type pdf)

<use graphs/EMMA_Wall_slitsIN_labeled.pdf>
Package pdftex.def Info: graphs/EMMA_Wall_slitsIN_labeled.pdf used on input lin
e 73.
(pdftex.def)             Requested size: 422.77664pt x 547.12279pt.


LaTeX Warning: Float too large for page by 18.31403pt on input line 136.

[3] [4 <./graphs/EMMA_Wall_slitsOUT_labeled.pdf>] [5 <./graphs/EMMA_Wall_slitsI
N_labeled.pdf>] [6]
<graphs/EMMA_vacuum_labeled.pdf, id=257, 614.295pt x 794.97pt>
File: graphs/EMMA_vacuum_labeled.pdf Graphic file (type pdf)

<use graphs/EMMA_vacuum_labeled.pdf>
Package pdftex.def Info: graphs/EMMA_vacuum_labeled.pdf used on input line 147.

(pdftex.def)             Requested size: 422.77664pt x 547.12279pt.

Overfull \hbox (10.64948pt too wide) in paragraph at lines 157--188
 [][] 
 []

<graphs/MDvacuumbox.pdf, id=261, 794.97pt x 614.295pt>
File: graphs/MDvacuumbox.pdf Graphic file (type pdf)

<use graphs/MDvacuumbox.pdf>
Package pdftex.def Info: graphs/MDvacuumbox.pdf used on input line 194.
(pdftex.def)             Requested size: 375.80544pt x 290.40588pt.

<graphs/MDvacuumboxspecs.pdf, id=262, 794.97pt x 614.295pt>
File: graphs/MDvacuumboxspecs.pdf Graphic file (type pdf)

<use graphs/MDvacuumboxspecs.pdf>
Package pdftex.def Info: graphs/MDvacuumboxspecs.pdf used on input line 197.
(pdftex.def)             Requested size: 375.80544pt x 290.40588pt.


LaTeX Warning: Float too large for page by 35.78177pt on input line 200.

[7] [8 <./graphs/EMMA_vacuum_labeled.pdf>] [9 <./graphs/MDvacuumbox.pdf> <./gra
phs/MDvacuumboxspecs.pdf>]
Underfull \hbox (badness 2617) in paragraph at lines 205--206
\OT1/cmr/m/n/10.95 shows the tar-get, de-grader and sur-round-ing vol-umes if t
his tar-get/degrader in-put file
 []

File: inputfiles1.7/targetDegraders.dat  (verbatim)
<graphs/EMMA_degraders1_labeled.pdf, id=486, 167.36296pt x 218.94257pt>
File: graphs/EMMA_degraders1_labeled.pdf Graphic file (type pdf)

<use graphs/EMMA_degraders1_labeled.pdf>
Package pdftex.def Info: graphs/EMMA_degraders1_labeled.pdf used on input line 
213.
(pdftex.def)             Requested size: 234.8775pt x 307.26918pt.

<graphs/EMMA_degraders2_labeled.pdf, id=487, 161.12015pt x 211.61359pt>
File: graphs/EMMA_degraders2_labeled.pdf Graphic file (type pdf)

<use graphs/EMMA_degraders2_labeled.pdf>
Package pdftex.def Info: graphs/EMMA_degraders2_labeled.pdf used on input line 
216.
(pdftex.def)             Requested size: 234.8775pt x 308.50441pt.

Overfull \hbox (14.59996pt too wide) in paragraph at lines 213--217
 [][][][] 
 []

[10] [11 <./graphs/EMMA_degraders1_labeled.pdf> <./graphs/EMMA_degraders2_label
ed.pdf>]
File: inputfiles1.7/mwpc.dat  (verbatim)
 <graphs/EMMA_detector_labeled.pdf, id=549, 102.07304pt x 334.93652pt>
File: graphs/EMMA_detector_labeled.pdf Graphic file (type pdf)

<use graphs/EMMA_detector_labeled.pdf>
Package pdftex.def Info: graphs/EMMA_detector_labeled.pdf used on input line 23
4.
(pdftex.def)             Requested size: 70.46037pt x 231.20866pt.

<graphs/PGACspecs.pdf, id=550, 794.97pt x 614.295pt>
File: graphs/PGACspecs.pdf Graphic file (type pdf)

<use graphs/PGACspecs.pdf>
Package pdftex.def Info: graphs/PGACspecs.pdf used on input line 243.
(pdftex.def)             Requested size: 422.77664pt x 326.6996pt.

<graphs/PGACgemma.pdf, id=551, 598.16081pt x 308.61845pt>
File: graphs/PGACgemma.pdf Graphic file (type pdf)

<use graphs/PGACgemma.pdf>
Package pdftex.def Info: graphs/PGACgemma.pdf used on input line 246.
(pdftex.def)             Requested size: 328.82707pt x 169.6559pt.
 [12] [13 <./graphs/EMMA_detector_labeled.pdf>]
[14 <./graphs/PGACspecs.pdf> <./graphs/PGACgemma.pdf>]
Underfull \hbox (badness 10000) in paragraph at lines 289--290
[]\OT1/cmtt/m/n/8 Field1 = new BGField1(0,zQ1fieldbegins,Pipe1HL*2,Pipe2HL*2); 
//see BGField1.cc for description of input
 []


Underfull \hbox (badness 10000) in paragraph at lines 289--290

 []

[15] [16] [17]
Underfull \hbox (badness 2334) in paragraph at lines 371--377
\OT1/cmr/m/n/10.95 is de-fined in line 51 of EM-MAS-tep-pin-gAc-tion.cc. It is 
changed in line 122 in the
 []

<graphs/Q1cutoff.pdf, id=714, 757.83125pt x 517.935pt>
File: graphs/Q1cutoff.pdf Graphic file (type pdf)

<use graphs/Q1cutoff.pdf>
Package pdftex.def Info: graphs/Q1cutoff.pdf used on input line 384.
(pdftex.def)             Requested size: 234.8775pt x 160.51866pt.

<graphs/Q2cutoff.pdf, id=715, 757.83125pt x 517.935pt>
File: graphs/Q2cutoff.pdf Graphic file (type pdf)

<use graphs/Q2cutoff.pdf>
Package pdftex.def Info: graphs/Q2cutoff.pdf used on input line 387.
(pdftex.def)             Requested size: 234.8775pt x 160.51866pt.

Overfull \hbox (14.59996pt too wide) in paragraph at lines 384--387
 [][][][] 
 []

<graphs/Q3cutoff.pdf, id=716, 757.83125pt x 517.935pt>
File: graphs/Q3cutoff.pdf Graphic file (type pdf)

<use graphs/Q3cutoff.pdf>
Package pdftex.def Info: graphs/Q3cutoff.pdf used on input line 390.
(pdftex.def)             Requested size: 234.8775pt x 160.51866pt.

<graphs/Q4cutoff.pdf, id=717, 757.83125pt x 517.935pt>
File: graphs/Q4cutoff.pdf Graphic file (type pdf)

<use graphs/Q4cutoff.pdf>
Package pdftex.def Info: graphs/Q4cutoff.pdf used on input line 393.
(pdftex.def)             Requested size: 234.8775pt x 160.51866pt.

Overfull \hbox (14.59996pt too wide) in paragraph at lines 390--394
 [][][][] 
 []

[18] <graphs/ED1cutoff.pdf, id=724, 757.83125pt x 517.935pt>
File: graphs/ED1cutoff.pdf Graphic file (type pdf)

<use graphs/ED1cutoff.pdf>
Package pdftex.def Info: graphs/ED1cutoff.pdf used on input line 402.
(pdftex.def)             Requested size: 234.8775pt x 160.51866pt.

<graphs/MDcutoff.pdf, id=725, 757.83125pt x 517.935pt>
File: graphs/MDcutoff.pdf Graphic file (type pdf)

<use graphs/MDcutoff.pdf>
Package pdftex.def Info: graphs/MDcutoff.pdf used on input line 405.
(pdftex.def)             Requested size: 234.8775pt x 160.51866pt.

Overfull \hbox (14.59996pt too wide) in paragraph at lines 402--405
 [][][][] 
 []

<graphs/ED2cutoff.pdf, id=726, 757.83125pt x 517.935pt>
File: graphs/ED2cutoff.pdf Graphic file (type pdf)

<use graphs/ED2cutoff.pdf>
Package pdftex.def Info: graphs/ED2cutoff.pdf used on input line 408.
(pdftex.def)             Requested size: 234.8775pt x 160.51866pt.
 [19 <./graphs/Q1cutoff.pdf> <./graphs/Q2cutoff.pdf> <./graphs/Q3cutoff.pdf> <.
/graphs/Q4cutoff.pdf>] [20 <./graphs/ED1cutoff.pdf> <./graphs/MDcutoff.pdf> <./
graphs/ED2cutoff.pdf>]
Underfull \hbox (badness 10000) in paragraph at lines 432--432

 []

File: inputfiles1.7/GumplingerReply.txt  (verbatim)

Overfull \hbox (1.76488pt too wide) in paragraph at lines 432--432
 []\OT1/cmtt/m/n/9 in the G4 distribution. I admit, this is rather involved - i
t comes from Tom Roberts and Muons[] 
 []


Overfull \hbox (6.48982pt too wide) in paragraph at lines 432--432
 []\OT1/cmtt/m/n/9 The big problem with Geant4 is that you can't overlap physic
al volumes. In G3, I did just that,[] 
 []


Overfull \hbox (6.48982pt too wide) in paragraph at lines 432--432
 []\OT1/cmtt/m/n/9 assign fields to logical volumes then positioned them so the
y overlapped. The FieldManager knew[] 
 []


Overfull \hbox (11.21477pt too wide) in paragraph at lines 432--432
 []\OT1/cmtt/m/n/9 to loop through all overlapping logical-volumes and added th
e fields. In G4 this is not allowed.[] 
 []


Overfull \hbox (11.21477pt too wide) in paragraph at lines 432--432
 []\OT1/cmtt/m/n/9 However, one approach that I have not tried is use 'parallel
 worlds' where you define a bounding[] 
 []


Overfull \hbox (1.76488pt too wide) in paragraph at lines 432--432
 []\OT1/cmtt/m/n/9 field volume in one world and the overlapping one in the oth
er (parallel) world. One should be[] 
 []

[21]
LaTeX Font Info:    Try loading font information for OMS+cmtt on input line 444
.
LaTeX Font Info:    No file OMScmtt.fd. on input line 444.


LaTeX Font Warning: Font shape `OMS/cmtt/m/n' undefined
(Font)              using `OMS/cmsy/m/n' instead
(Font)              for symbol `textbraceleft' on input line 444.


Underfull \hbox (badness 10000) in paragraph at lines 447--454

 []

[22] <graphs/Q1complete.pdf, id=948, 757.83125pt x 517.935pt>
File: graphs/Q1complete.pdf Graphic file (type pdf)

<use graphs/Q1complete.pdf>
Package pdftex.def Info: graphs/Q1complete.pdf used on input line 463.
(pdftex.def)             Requested size: 234.8775pt x 160.51866pt.

<graphs/Q2complete.pdf, id=949, 757.83125pt x 517.935pt>
File: graphs/Q2complete.pdf Graphic file (type pdf)

<use graphs/Q2complete.pdf>
Package pdftex.def Info: graphs/Q2complete.pdf used on input line 466.
(pdftex.def)             Requested size: 234.8775pt x 160.51866pt.

Overfull \hbox (14.59996pt too wide) in paragraph at lines 463--466
 [][][][] 
 []

<graphs/Q3complete.pdf, id=950, 757.83125pt x 517.935pt>
File: graphs/Q3complete.pdf Graphic file (type pdf)

<use graphs/Q3complete.pdf>
Package pdftex.def Info: graphs/Q3complete.pdf used on input line 469.
(pdftex.def)             Requested size: 234.8775pt x 160.51866pt.

<graphs/Q4complete.pdf, id=951, 757.83125pt x 517.935pt>
File: graphs/Q4complete.pdf Graphic file (type pdf)

<use graphs/Q4complete.pdf>
Package pdftex.def Info: graphs/Q4complete.pdf used on input line 472.
(pdftex.def)             Requested size: 234.8775pt x 160.51866pt.

Overfull \hbox (14.59996pt too wide) in paragraph at lines 469--473
 [][][][] 
 []

<graphs/ED1complete.pdf, id=952, 757.83125pt x 517.935pt>
File: graphs/ED1complete.pdf Graphic file (type pdf)

<use graphs/ED1complete.pdf>
Package pdftex.def Info: graphs/ED1complete.pdf used on input line 481.
(pdftex.def)             Requested size: 234.8775pt x 160.51866pt.
File: graphs/ED1complete.pdf Graphic file (type pdf)
 <use graphs/ED1complete.pdf>
Package pdftex.def Info: graphs/ED1complete.pdf used on input line 484.
(pdftex.def)             Requested size: 234.8775pt x 160.51866pt.

Overfull \hbox (14.59996pt too wide) in paragraph at lines 481--484
 [][][][] 
 []

LaTeX Font Info:    Try loading font information for OMS+cmr on input line 492.

(/usr/local/texlive/2012/texmf-dist/tex/latex/base/omscmr.fd
File: omscmr.fd 1999/05/25 v2.5h Standard LaTeX font definitions
)
LaTeX Font Info:    Font shape `OMS/cmr/m/n' in size <10.95> not available
(Font)              Font shape `OMS/cmsy/m/n' tried instead on input line 492.
 [23] [24 <./graphs/Q1complete.pdf> <./graphs/Q2complete.pdf> <./graphs/Q3compl
ete.pdf> <./graphs/Q4complete.pdf> <./graphs/ED1complete.pdf>]
<graphs/EFBdipole.pdf, id=1082, 158.49052pt x 94.05519pt>
File: graphs/EFBdipole.pdf Graphic file (type pdf)

<use graphs/EFBdipole.pdf>
Package pdftex.def Info: graphs/EFBdipole.pdf used on input line 519.
(pdftex.def)             Requested size: 234.8775pt x 139.39035pt.

<graphs/EFBquad.pdf, id=1083, 188.0351pt x 122.76936pt>
File: graphs/EFBquad.pdf Graphic file (type pdf)

<use graphs/EFBquad.pdf>
Package pdftex.def Info: graphs/EFBquad.pdf used on input line 522.
(pdftex.def)             Requested size: 234.8775pt x 153.35454pt.

Overfull \hbox (14.59996pt too wide) in paragraph at lines 519--523
 [][][][] 
 []

[25 <./graphs/EFBdipole.pdf> <./graphs/EFBquad.pdf>] [26]
Underfull \hbox (badness 10000) in paragraph at lines 604--605
\OT1/cmr/m/n/10.95 When you are de-bug-ging the E and B fields you might want t
o change the
 []

[27]
File: inputfiles1.7/beam.dat  (verbatim)
File: inputfiles1.7/centralTrajectory.dat  (verbatim)

Underfull \hbox (badness 10000) in paragraph at lines 608--611

 []


Underfull \hbox (badness 10000) in paragraph at lines 618--618

 []


Underfull \hbox (badness 10000) in paragraph at lines 618--619

 []


Underfull \hbox (badness 10000) in paragraph at lines 622--625
\OT1/cmtt/m/n/8 G4cout<<"Prim.Gen.Action output "<<"Energy(MeV)= "<<energy <<" 
z emission location (mm) " <<zemit/mm<<"
 []


Underfull \hbox (badness 10000) in paragraph at lines 627--634

 []

[28]
Underfull \hbox (badness 10000) in paragraph at lines 635--642

 []


Underfull \hbox (badness 10000) in paragraph at lines 643--663

 []


Underfull \hbox (badness 10000) in paragraph at lines 663--664

 []

[29] <graphs/planequationED1.pdf, id=1182, 308.80681pt x 239.22063pt>
File: graphs/planequationED1.pdf Graphic file (type pdf)

<use graphs/planequationED1.pdf>
Package pdftex.def Info: graphs/planequationED1.pdf used on input line 677.
(pdftex.def)             Requested size: 234.8775pt x 181.95557pt.

<graphs/planequationMD.pdf, id=1183, 406.95058pt x 237.32826pt>
File: graphs/planequationMD.pdf Graphic file (type pdf)

<use graphs/planequationMD.pdf>
Package pdftex.def Info: graphs/planequationMD.pdf used on input line 680.
(pdftex.def)             Requested size: 234.8775pt x 136.98053pt.

Overfull \hbox (14.59996pt too wide) in paragraph at lines 677--681
 [][][][] 
 []

[30 <./graphs/planequationED1.pdf> <./graphs/planequationMD.pdf>]
Underfull \hbox (badness 10000) in paragraph at lines 689--691

 []

[31]
Underfull \hbox (badness 1072) in paragraph at lines 723--723
\OT1/cmr/m/n/10.95 cle-ar-Reac-tion-Pro-cess.cc, EM-MANu-cle-ar-Reac-tion-DataS
et.cc, EM-MANu-cle-ar-Reac-tionT-wo-
 []

Package atveryend Info: Empty hook `BeforeClearDocument' on input line 725.
[32]
Package atveryend Info: Empty hook `AfterLastShipout' on input line 725.
 (./GEMMA1.7documentation.aux)
Package atveryend Info: Executing hook `AtVeryEndDocument' on input line 725.
Package atveryend Info: Executing hook `AtEndAfterFileList' on input line 725.
Package rerunfilecheck Info: File `GEMMA1.7documentation.out' has not changed.
(rerunfilecheck)             Checksum: E50C4BB2DF962C01E4B5BC6586DE9A9B;1250.


LaTeX Font Warning: Some font shapes were not available, defaults substituted.

Package atveryend Info: Empty hook `AtVeryVeryEnd' on input line 725.
 ) 
Here is how much of TeX's memory you used:
 8259 strings out of 493488
 124592 string characters out of 3141326
 224757 words of memory out of 3000000
 11277 multiletter control sequences out of 15000+200000
 10570 words of font info for 39 fonts, out of 3000000 for 9000
 957 hyphenation exceptions out of 8191
 44i,15n,46p,1333b,483s stack positions out of 5000i,500n,10000p,200000b,50000s
</usr/local/texlive/2012/texmf-dist/fonts/type1/public/amsfonts/cm/cmbx10.pfb
></usr/local/texlive/2012/texmf-dist/fonts/type1/public/amsfonts/cm/cmbx12.pfb>
</usr/local/texlive/2012/texmf-dist/fonts/type1/public/amsfonts/cm/cmex10.pfb><
/usr/local/texlive/2012/texmf-dist/fonts/type1/public/amsfonts/cm/cmmi10.pfb></
usr/local/texlive/2012/texmf-dist/fonts/type1/public/amsfonts/cm/cmmi6.pfb></us
r/local/texlive/2012/texmf-dist/fonts/type1/public/amsfonts/cm/cmmi8.pfb></usr/
local/texlive/2012/texmf-dist/fonts/type1/public/amsfonts/cm/cmr10.pfb></usr/lo
cal/texlive/2012/texmf-dist/fonts/type1/public/amsfonts/cm/cmr12.pfb></usr/loca
l/texlive/2012/texmf-dist/fonts/type1/public/amsfonts/cm/cmr17.pfb></usr/local/
texlive/2012/texmf-dist/fonts/type1/public/amsfonts/cm/cmr8.pfb></usr/local/tex
live/2012/texmf-dist/fonts/type1/public/amsfonts/cm/cmr9.pfb></usr/local/texliv
e/2012/texmf-dist/fonts/type1/public/amsfonts/cm/cmsy10.pfb></usr/local/texlive
/2012/texmf-dist/fonts/type1/public/amsfonts/cm/cmsy6.pfb></usr/local/texlive/2
012/texmf-dist/fonts/type1/public/amsfonts/cm/cmsy8.pfb></usr/local/texlive/201
2/texmf-dist/fonts/type1/public/amsfonts/cm/cmtt8.pfb></usr/local/texlive/2012/
texmf-dist/fonts/type1/public/amsfonts/cm/cmtt9.pfb>
Output written on GEMMA1.7documentation.pdf (32 pages, 2010306 bytes).
PDF statistics:
 1366 PDF objects out of 1440 (max. 8388607)
 806 compressed objects within 9 object streams
 144 named destinations out of 1000 (max. 500000)
 267 words of extra memory for PDF output out of 10000 (max. 10000000)

